<?xml version="1.0" encoding="UTF-8"?>
<!-- Generated by org.testng.reporters.JUnitReportReporter -->
<testsuite hostname="Admin-PC" failures="0" tests="3" name="com.crm.qa.testcases.LoginPageTest" time="36.060" errors="0" timestamp="2021-06-29T10:56:16 IST" skipped="0">
  <testcase classname="com.crm.qa.testcases.LoginPageTest" name="validateLoginPageTitleTest" time="8.256"/>
  <system-out/>
  <testcase classname="com.crm.qa.testcases.LoginPageTest" name="ValidateLogoTest" time="8.247"/>
  <system-out/>
  <testcase classname="com.crm.qa.testcases.LoginPageTest" name="loginTest" time="19.557"/>
  <system-out/>
</testsuite> <!-- com.crm.qa.testcases.LoginPageTest -->
