<?xml version="1.0" encoding="UTF-8"?>
<!-- Generated by org.testng.reporters.JUnitReportReporter -->
<testsuite hostname="Admin-PC" failures="0" tests="8" name="com.crm.qa.testcases.HomePageTest" time="76.788" errors="0" timestamp="2021-07-04T13:20:36 IST" skipped="4">
  <testcase classname="com.crm.qa.testcases.HomePageTest" name="VerifyHomePageTitleTest" time="16.561"/>
  <system-out/>
  <testcase classname="com.crm.qa.testcases.HomePageTest" name="VerifyHomePageTitleTest" time="17.187"/>
  <system-out/>
  <testcase classname="com.crm.qa.testcases.HomePageTest" name="hmaberugButtonClickTest" time="16.356"/>
  <system-out/>
  <testcase classname="com.crm.qa.testcases.HomePageTest" name="hmaberugButtonClickTest" time="26.684"/>
  <system-out/>
  <testcase classname="com.crm.qa.testcases.HomePageTest" name="contactIconClickTest">
    <skipped/>
  </testcase> <!-- contactIconClickTest -->
  <system-out/>
  <testcase classname="com.crm.qa.testcases.HomePageTest" name="contactIconClickTest">
    <skipped/>
  </testcase> <!-- contactIconClickTest -->
  <system-out/>
  <testcase classname="com.crm.qa.testcases.HomePageTest" name="customerLinkClickTest">
    <skipped/>
  </testcase> <!-- customerLinkClickTest -->
  <system-out/>
  <testcase classname="com.crm.qa.testcases.HomePageTest" name="customerLinkClickTest">
    <skipped/>
  </testcase> <!-- customerLinkClickTest -->
  <system-out/>
</testsuite> <!-- com.crm.qa.testcases.HomePageTest -->
