<?xml version="1.0" encoding="UTF-8"?>
<!-- Generated by org.testng.reporters.JUnitReportReporter -->
<testsuite hostname="Admin-PC" failures="0" tests="6" name="com.crm.qa.testcases.LoginPageTest" time="52.280" errors="0" timestamp="2021-07-04T13:20:36 IST" skipped="0">
  <testcase classname="com.crm.qa.testcases.LoginPageTest" name="validateLoginPageTitleTest" time="5.169"/>
  <system-out/>
  <testcase classname="com.crm.qa.testcases.LoginPageTest" name="validateLoginPageTitleTest" time="4.374"/>
  <system-out/>
  <testcase classname="com.crm.qa.testcases.LoginPageTest" name="ValidateLogoTest" time="4.363"/>
  <system-out/>
  <testcase classname="com.crm.qa.testcases.LoginPageTest" name="ValidateLogoTest" time="4.364"/>
  <system-out/>
  <testcase classname="com.crm.qa.testcases.LoginPageTest" name="loginTest" time="15.580"/>
  <system-out/>
  <testcase classname="com.crm.qa.testcases.LoginPageTest" name="loginTest" time="18.430"/>
  <system-out/>
</testsuite> <!-- com.crm.qa.testcases.LoginPageTest -->
